IQ-TREE multicore version 1.6.12 for Linux 64-bit built Aug 15 2019
Developed by Bui Quang Minh, Nguyen Lam Tung, Olga Chernomor,
Heiko Schmidt, Dominik Schrempf, Michael Woodhams.

Host:    p09r11n18.grace.hpc.yale.internal (AVX512, FMA3, 187 GB RAM)
Command: iqtree -s groel.aligned.fasta -nt AUTO
Seed:    132281 (Using SPRNG - Scalable Parallel Random Number Generator)
Time:    Mon Nov  2 16:32:38 2020
Kernel:  AVX+FMA - auto-detect threads (36 CPU cores detected)

Reading alignment file groel.aligned.fasta ... Fasta format detected
Alignment most likely contains protein sequences
Alignment has 6 sequences with 551 columns, 272 distinct patterns
213 parsimony-informative, 50 singleton sites, 288 constant sites
                                   Gap/Ambiguity  Composition  p-value
   1  Escherichia_coli_4PKN_A              0.54%    passed     57.79%
   2  Escherichia_Coli_K-12_5OPX_A         0.54%    passed     38.02%
   3  Mycobacterium_tuberculosis_3RTK_A    4.17%    passed     96.46%
   4  Mycobacterium_tuberculosis_1SJP_A   11.62%    passed     97.31%
   5  Thermus_thermophilus_1WE3_A          2.72%    passed     57.04%
   6  Thermus_thermophilus_1SRV_A         73.87%    passed     96.61%
WARNING: 1 sequences contain more than 50% gaps/ambiguity
****  TOTAL                               15.58%  0 sequences failed composition chi2 test (p-value<5%; df=19)


Create initial parsimony tree by phylogenetic likelihood library (PLL)... 0.000 seconds
NOTE: ModelFinder requires 2 MB RAM!
ModelFinder will test 546 protein models (sample size: 551) ...
 No. Model         -LnL         df  AIC          AICc         BIC
Measuring multi-threading efficiency up to 36 CPU cores
Increase to 10 rounds for branch lengths
16312 trees examined
Threads: 1 / Time: 36.002 sec / Speedup: 1.000 / Efficiency: 100% / LogL: -4254
Threads: 2 / Time: 24.136 sec / Speedup: 1.492 / Efficiency: 75% / LogL: -4254
Threads: 3 / Time: 20.540 sec / Speedup: 1.753 / Efficiency: 58% / LogL: -4254
Threads: 4 / Time: 19.520 sec / Speedup: 1.844 / Efficiency: 46% / LogL: -4254
BEST NUMBER OF THREADS: 3

  1  Dayhoff       3073.971     9   6165.942     6166.275     6204.747
  2  Dayhoff+I     3065.413     10  6150.827     6151.234     6193.944
  3  Dayhoff+G4    3064.549     10  6149.099     6149.506     6192.216
  4  Dayhoff+I+G4  3065.297     11  6152.594     6153.084     6200.024
  5  Dayhoff+R2    3064.734     11  6151.467     6151.957     6198.896
  6  Dayhoff+R3    3064.594     13  6155.188     6155.866     6211.240
 14  Dayhoff+F     2990.869     28  6037.738     6040.849     6158.466
 15  Dayhoff+F+I   2978.763     29  6015.526     6018.866     6140.566
 16  Dayhoff+F+G4  2977.360     29  6012.719     6016.059     6137.760
 17  Dayhoff+F+I+G4 2978.083     30  6016.167     6019.744     6145.519
 18  Dayhoff+F+R2  2977.818     30  6015.635     6019.212     6144.987
 19  Dayhoff+F+R3  2977.387     32  6018.774     6022.851     6156.749
 27  mtMAM         3469.338     9   6956.677     6957.010     6995.482
 28  mtMAM+I       3377.813     10  6775.626     6776.034     6818.743
 29  mtMAM+G4      3347.555     10  6715.110     6715.517     6758.227
 30  mtMAM+I+G4    3349.413     11  6720.826     6721.316     6768.255
 31  mtMAM+R2      3363.646     11  6749.292     6749.781     6796.721
 32  mtMAM+R3      3350.867     13  6727.734     6728.412     6783.786
 33  mtMAM+R4      3346.847     15  6723.695     6724.592     6788.371
 40  mtMAM+F       3155.403     28  6366.807     6369.918     6487.536
 41  mtMAM+F+I     3071.907     29  6201.813     6205.153     6326.853
 42  mtMAM+F+G4    3048.493     29  6154.985     6158.325     6280.025
 43  mtMAM+F+I+G4  3049.842     30  6159.685     6163.262     6289.037
 44  mtMAM+F+R2    3059.846     30  6179.692     6183.269     6309.045
 45  mtMAM+F+R3    3051.599     32  6167.197     6171.275     6305.173
 46  mtMAM+F+R4    3049.385     34  6166.769     6171.382     6313.368
 53  JTT           3063.773     9   6145.547     6145.880     6184.352
 54  JTT+I         3056.397     10  6132.793     6133.201     6175.911
 55  JTT+G4        3055.877     10  6131.754     6132.162     6174.872
 56  JTT+I+G4      3056.150     11  6134.299     6134.789     6181.728
 57  JTT+R2        3055.862     11  6133.724     6134.214     6181.153
 58  JTT+R3        3055.855     13  6137.710     6138.388     6193.763
 66  JTT+F         2992.771     28  6041.542     6044.653     6162.270
 67  JTT+F+I       2981.158     29  6020.316     6023.656     6145.357
 68  JTT+F+G4      2980.199     29  6018.399     6021.738     6143.439
 69  JTT+F+I+G4    2980.488     30  6020.976     6024.553     6150.328
 70  JTT+F+R2      2980.237     30  6020.475     6024.052     6149.827
 71  JTT+F+R3      2980.205     32  6024.411     6028.488     6162.386
 79  WAG           3026.911     9   6071.821     6072.154     6110.627
 80  WAG+I         3023.660     10  6067.320     6067.727     6110.437
 81  WAG+G4        3024.112     10  6068.224     6068.631     6111.341
 82  WAG+I+G4      3023.750     11  6069.500     6069.990     6116.929
 83  WAG+R2        3024.233     11  6070.465     6070.955     6117.894
 84  WAG+R3        3024.212     13  6074.423     6075.101     6130.476
 92  WAG+F         2959.338     28  5974.676     5977.787     6095.404
 93  WAG+F+I       2954.663     29  5967.325     5970.665     6092.366
 94  WAG+F+G4      2954.975     29  5967.951     5971.291     6092.991
 95  WAG+F+I+G4    2954.664     30  5969.327     5972.904     6098.679
 96  WAG+F+R2      2955.132     30  5970.264     5973.841     6099.616
 97  WAG+F+R3      2955.114     32  5974.228     5978.305     6112.204
105  cpREV         3062.365     9   6142.731     6143.063     6181.536
106  cpREV+I       3056.455     10  6132.910     6133.317     6176.027
107  cpREV+G4      3056.098     10  6132.197     6132.604     6175.314
108  cpREV+I+G4    3056.325     11  6134.650     6135.140     6182.079
109  cpREV+R2      3056.366     11  6134.731     6135.221     6182.160
110  cpREV+R3      3056.310     13  6138.619     6139.297     6194.672
118  cpREV+F       2973.917     28  6003.833     6006.944     6124.562
119  cpREV+F+I     2965.397     29  5988.794     5992.134     6113.835
120  cpREV+F+G4    2964.769     29  5987.538     5990.878     6112.579
121  cpREV+F+I+G4  2965.006     30  5990.012     5993.588     6119.364
122  cpREV+F+R2    2964.919     30  5989.837     5993.414     6119.189
123  cpREV+F+R3    2964.895     32  5993.789     5997.867     6131.765
131  mtREV         3330.133     9   6678.267     6678.600     6717.073
132  mtREV+I       3302.815     10  6625.630     6626.037     6668.747
133  mtREV+G4      3294.550     10  6609.101     6609.508     6652.218
134  mtREV+I+G4    3295.734     11  6613.468     6613.958     6660.897
135  mtREV+R2      3293.683     11  6609.365     6609.855     6656.794
136  mtREV+R3      3293.554     13  6613.107     6613.785     6669.160
144  mtREV+F       3035.970     28  6127.941     6131.052     6248.669
145  mtREV+F+I     3009.719     29  6077.437     6080.777     6202.478
146  mtREV+F+G4    3002.787     29  6063.575     6066.915     6188.615
147  mtREV+F+I+G4  3003.664     30  6067.329     6070.906     6196.681
148  mtREV+F+R2    3001.310     30  6062.620     6066.197     6191.972
149  mtREV+F+R3    3001.275     32  6066.550     6070.627     6204.525
157  rtREV         3067.984     9   6153.969     6154.302     6192.774
158  rtREV+I       3061.495     10  6142.990     6143.397     6186.107
159  rtREV+G4      3061.076     10  6142.153     6142.560     6185.270
160  rtREV+I+G4    3061.256     11  6144.512     6145.001     6191.941
161  rtREV+R2      3061.142     11  6144.285     6144.774     6191.714
162  rtREV+R3      3061.139     13  6148.277     6148.955     6204.330
170  rtREV+F       2962.390     28  5980.780     5983.891     6101.509
171  rtREV+F+I     2953.234     29  5964.469     5967.809     6089.509
172  rtREV+F+G4    2952.852     29  5963.703     5967.043     6088.743
173  rtREV+F+I+G4  2952.906     30  5965.812     5969.389     6095.164
174  rtREV+F+R2    2953.115     30  5966.230     5969.807     6095.582
175  rtREV+F+R3    2953.085     32  5970.170     5974.248     6108.146
183  mtART         3394.682     9   6807.365     6807.697     6846.170
184  mtART+I       3334.814     10  6689.627     6690.035     6732.745
185  mtART+G4      3312.133     10  6644.266     6644.673     6687.383
186  mtART+I+G4    3313.469     11  6648.939     6649.428     6696.368
187  mtART+R2      3322.298     11  6666.596     6667.086     6714.025
188  mtART+R3      3320.805     13  6667.610     6668.288     6723.663
196  mtART+F       3083.909     28  6223.818     6226.929     6344.547
197  mtART+F+I     3029.456     29  6116.912     6120.252     6241.952
198  mtART+F+G4    3008.266     29  6074.532     6077.871     6199.572
199  mtART+F+I+G4  3009.389     30  6078.777     6082.354     6208.130
200  mtART+F+R2    3012.037     30  6084.073     6087.650     6213.425
201  mtART+F+R3    3010.547     32  6085.094     6089.172     6223.070
209  mtZOA         3312.849     9   6643.698     6644.031     6682.504
210  mtZOA+I       3270.990     10  6561.981     6562.388     6605.098
211  mtZOA+G4      3255.628     10  6531.255     6531.663     6574.373
212  mtZOA+I+G4    3256.664     11  6535.328     6535.818     6582.757
213  mtZOA+R2      3252.772     11  6527.544     6528.034     6574.973
214  mtZOA+R3      3252.752     13  6531.504     6532.182     6587.557
222  mtZOA+F       3048.809     28  6153.618     6156.729     6274.346
223  mtZOA+F+I     3012.356     29  6082.712     6086.052     6207.752
224  mtZOA+F+G4    3000.279     29  6058.559     6061.899     6183.599
225  mtZOA+F+I+G4  3000.984     30  6061.969     6065.546     6191.321
226  mtZOA+F+R2    2997.482     30  6054.963     6058.540     6184.315
227  mtZOA+F+R3    2997.439     32  6058.878     6062.955     6196.854
235  VT            3039.285     9   6096.571     6096.903     6135.376
236  VT+I          3037.337     10  6094.673     6095.081     6137.791
237  VT+G4         3037.700     10  6095.400     6095.807     6138.517
238  VT+I+G4       3037.338     11  6096.676     6097.166     6144.105
239  VT+R2         3037.923     11  6097.846     6098.336     6145.275
240  VT+R3         3037.913     13  6101.826     6102.504     6157.879
248  VT+F          2963.888     28  5983.777     5986.888     6104.505
249  VT+F+I        2960.845     29  5979.690     5983.030     6104.731
250  VT+F+G4       2961.263     29  5980.526     5983.866     6105.567
251  VT+F+I+G4     2960.920     30  5981.840     5985.417     6111.192
252  VT+F+R2       2961.520     30  5983.041     5986.618     6112.393
253  VT+F+R3       2961.512     32  5987.024     5991.101     6124.999
261  LG            3029.303     9   6076.606     6076.938     6115.411
262  LG+I          3022.528     10  6065.056     6065.464     6108.174
263  LG+G4         3021.898     10  6063.796     6064.203     6106.913
264  LG+I+G4       3022.056     11  6066.112     6066.602     6113.542
265  LG+R2         3021.902     11  6065.804     6066.294     6113.233
266  LG+R3         3021.890     13  6069.780     6070.458     6125.833
274  LG+F          2960.839     28  5977.678     5980.790     6098.407
275  LG+F+I        2951.725     29  5961.449     5964.789     6086.490
276  LG+F+G4       2951.043     29  5960.085     5963.425     6085.125
277  LG+F+I+G4     2951.138     30  5962.275     5965.852     6091.627
278  LG+F+R2       2951.164     30  5962.327     5965.904     6091.679
279  LG+F+R3       2951.154     32  5966.307     5970.384     6104.283
287  DCMut         3073.764     9   6165.527     6165.860     6204.333
288  DCMut+I       3065.347     10  6150.694     6151.101     6193.811
289  DCMut+G4      3064.505     10  6149.010     6149.417     6192.127
290  DCMut+I+G4    3064.672     11  6151.343     6151.833     6198.772
291  DCMut+R2      3064.427     11  6150.855     6151.344     6198.284
292  DCMut+R3      3064.427     13  6154.853     6155.531     6210.906
300  DCMut+F       2990.538     28  6037.075     6040.186     6157.804
301  DCMut+F+I     2978.616     29  6015.231     6018.571     6140.271
302  DCMut+F+G4    2977.243     29  6012.486     6015.825     6137.526
303  DCMut+F+I+G4  2977.427     30  6014.854     6018.431     6144.206
304  DCMut+F+R2    2977.093     30  6014.187     6017.764     6143.539
305  DCMut+F+R3    2977.065     32  6018.131     6022.208     6156.106
313  PMB           3064.394     9   6146.789     6147.122     6185.594
314  PMB+I         3063.053     10  6146.105     6146.513     6189.223
315  PMB+G4        3063.441     10  6146.883     6147.290     6190.000
316  PMB+I+G4      3063.088     11  6148.175     6148.665     6195.604
317  PMB+R2        3063.649     11  6149.298     6149.787     6196.727
318  PMB+R3        3063.629     13  6153.258     6153.936     6209.311
326  PMB+F         2966.890     28  5989.780     5992.891     6110.508
327  PMB+F+I       2964.747     29  5987.493     5990.833     6112.533
328  PMB+F+G4      2965.227     29  5988.454     5991.794     6113.495
329  PMB+F+I+G4    2964.759     30  5989.518     5993.095     6118.870
330  PMB+F+R2      2965.451     30  5990.903     5994.479     6120.255
331  PMB+F+R3      2965.448     32  5994.895     5998.973     6132.871
339  HIVb          3131.873     9   6281.745     6282.078     6320.551
340  HIVb+I        3103.143     10  6226.286     6226.694     6269.404
341  HIVb+G4       3102.391     10  6224.781     6225.188     6267.898
342  HIVb+I+G4     3102.209     11  6226.419     6226.909     6273.848
343  HIVb+R2       3105.531     11  6233.062     6233.552     6280.491
344  HIVb+R3       3104.728     13  6235.455     6236.133     6291.508
352  HIVb+F        3051.752     28  6159.504     6162.615     6280.233
353  HIVb+F+I      3013.155     29  6084.311     6087.650     6209.351
354  HIVb+F+G4     3010.181     29  6078.363     6081.702     6203.403
355  HIVb+F+I+G4   3010.113     30  6080.225     6083.802     6209.577
356  HIVb+F+R2     3012.203     30  6084.406     6087.983     6213.758
357  HIVb+F+R3     3011.564     32  6087.129     6091.206     6225.104
365  HIVw          3248.215     9   6514.431     6514.763     6553.236
366  HIVw+I        3216.984     10  6453.968     6454.375     6497.085
367  HIVw+G4       3213.886     10  6447.771     6448.179     6490.889
368  HIVw+I+G4     3213.895     11  6449.790     6450.280     6497.219
369  HIVw+R2       3214.345     11  6450.691     6451.181     6498.120
370  HIVw+R3       3214.314     13  6454.628     6455.306     6510.680
378  HIVw+F        3118.067     28  6292.135     6295.246     6412.863
379  HIVw+F+I      3069.601     29  6197.202     6200.542     6322.243
380  HIVw+F+G4     3063.898     29  6185.795     6189.135     6310.835
381  HIVw+F+I+G4   3063.943     30  6187.885     6191.462     6317.237
382  HIVw+F+R2     3065.001     30  6190.002     6193.579     6319.354
383  HIVw+F+R3     3064.808     32  6193.616     6197.693     6331.592
391  JTTDCMut      3061.690     9   6141.381     6141.713     6180.186
392  JTTDCMut+I    3054.573     10  6129.145     6129.553     6172.263
393  JTTDCMut+G4   3054.126     10  6128.252     6128.660     6171.370
394  JTTDCMut+I+G4 3054.207     11  6130.415     6130.905     6177.844
395  JTTDCMut+R2   3054.117     11  6130.233     6130.723     6177.662
396  JTTDCMut+R3   3054.114     13  6134.227     6134.905     6190.280
404  JTTDCMut+F    2991.120     28  6038.239     6041.350     6158.968
405  JTTDCMut+F+I  2979.886     29  6017.773     6021.112     6142.813
406  JTTDCMut+F+G4 2978.991     29  6015.983     6019.322     6141.023
407  JTTDCMut+F+I+G4 2979.100     30  6018.200     6021.777     6147.552
408  JTTDCMut+F+R2 2979.019     30  6018.039     6021.616     6147.391
409  JTTDCMut+F+R3 2978.991     32  6021.982     6026.060     6159.958
417  FLU           3144.053     9   6306.107     6306.440     6344.913
418  FLU+I         3124.505     10  6269.010     6269.417     6312.127
419  FLU+G4        3122.733     10  6265.466     6265.874     6308.583
420  FLU+I+G4      3122.806     11  6267.613     6268.102     6315.042
421  FLU+R2        3122.900     11  6267.800     6268.290     6315.229
422  FLU+R3        3122.895     13  6271.790     6272.468     6327.843
430  FLU+F         3030.297     28  6116.595     6119.706     6237.324
431  FLU+F+I       3001.708     29  6061.416     6064.756     6186.457
432  FLU+F+G4      2998.278     29  6054.557     6057.896     6179.597
433  FLU+F+I+G4    2998.394     30  6056.788     6060.365     6186.140
434  FLU+F+R2      2998.365     30  6056.729     6060.306     6186.081
435  FLU+F+R3      2998.334     32  6060.669     6064.746     6198.644
443  Blosum62      3051.275     9   6120.551     6120.883     6159.356
444  Blosum62+I    3049.471     10  6118.942     6119.349     6162.059
445  Blosum62+G4   3049.891     10  6119.782     6120.190     6162.900
446  Blosum62+I+G4 3049.474     11  6120.947     6121.437     6168.377
447  Blosum62+R2   3050.046     11  6122.093     6122.583     6169.522
448  Blosum62+R3   3050.016     13  6126.031     6126.709     6182.084
456  Blosum62+F    2968.582     28  5993.163     5996.274     6113.892
457  Blosum62+F+I  2966.083     29  5990.167     5993.506     6115.207
458  Blosum62+F+G4 2966.560     29  5991.120     5994.460     6116.161
459  Blosum62+F+I+G4 2966.143     30  5992.286     5995.863     6121.638
460  Blosum62+F+R2 2966.685     30  5993.370     5996.947     6122.722
461  Blosum62+F+R3 2966.683     32  5997.366     6001.443     6135.341
469  mtMet         3369.220     9   6756.440     6756.773     6795.246
470  mtMet+I       3337.712     10  6695.424     6695.831     6738.541
471  mtMet+G4      3326.157     10  6672.314     6672.721     6715.431
472  mtMet+I+G4    3326.938     11  6675.876     6676.366     6723.305
473  mtMet+R2      3333.055     11  6688.111     6688.600     6735.540
474  mtMet+R3      3332.070     13  6690.141     6690.819     6746.194
482  mtMet+F       3063.057     28  6182.113     6185.224     6302.842
483  mtMet+F+I     3023.535     29  6105.070     6108.409     6230.110
484  mtMet+F+G4    3013.855     29  6085.710     6089.050     6210.750
485  mtMet+F+I+G4  3014.276     30  6088.552     6092.129     6217.904
486  mtMet+F+R2    3017.738     30  6095.476     6099.053     6224.828
487  mtMet+F+R3    3016.370     32  6096.740     6100.817     6234.715
495  mtVer         3396.152     9   6810.304     6810.637     6849.110
496  mtVer+I       3345.300     10  6710.600     6711.007     6753.717
497  mtVer+G4      3327.018     10  6674.036     6674.443     6717.153
498  mtVer+I+G4    3327.787     11  6677.574     6678.063     6725.003
499  mtVer+R2      3327.332     11  6676.664     6677.154     6724.093
500  mtVer+R3      3326.032     13  6678.064     6678.741     6734.116
508  mtVer+F       3104.681     28  6265.362     6268.474     6386.091
509  mtVer+F+I     3052.095     29  6162.191     6165.530     6287.231
510  mtVer+F+G4    3037.398     29  6132.797     6136.137     6257.837
511  mtVer+F+I+G4  3037.842     30  6135.684     6139.261     6265.036
512  mtVer+F+R2    3037.778     30  6135.555     6139.132     6264.907
513  mtVer+F+R3    3036.818     32  6137.637     6141.714     6275.612
521  mtInv         3387.486     9   6792.971     6793.304     6831.777
522  mtInv+I       3366.653     10  6753.305     6753.713     6796.423
523  mtInv+G4      3359.578     10  6739.156     6739.563     6782.273
524  mtInv+I+G4    3360.148     11  6742.295     6742.785     6789.724
525  mtInv+R2      3357.508     11  6737.016     6737.506     6784.445
526  mtInv+R3      3357.431     13  6740.862     6741.540     6796.915
534  mtInv+F       3028.650     28  6113.300     6116.411     6234.028
535  mtInv+F+I     3004.189     29  6066.378     6069.718     6191.418
536  mtInv+F+G4    2997.637     29  6053.274     6056.613     6178.314
537  mtInv+F+I+G4  2998.020     30  6056.040     6059.617     6185.392
538  mtInv+F+R2    2995.710     30  6051.421     6054.998     6180.773
539  mtInv+F+R3    2995.658     32  6055.316     6059.393     6193.292
Akaike Information Criterion:           LG+F+G4
Corrected Akaike Information Criterion: LG+F+G4
Bayesian Information Criterion:         LG+F+G4
Best-fit model: LG+F+G4 chosen according to BIC

All model information printed to groel.aligned.fasta.model.gz
CPU time for ModelFinder: 233.102 seconds (0h:3m:53s)
Wall-clock time for ModelFinder: 102.991 seconds (0h:1m:42s)

NOTE: 1 MB RAM (0 GB) is required!
Measuring multi-threading efficiency up to 36 CPU cores
Increase to 10 rounds for branch lengths
4804 trees examined
Threads: 1 / Time: 36.001 sec / Speedup: 1.000 / Efficiency: 100% / LogL: -3842
Threads: 2 / Time: 22.811 sec / Speedup: 1.578 / Efficiency: 79% / LogL: -3842
Threads: 3 / Time: 17.958 sec / Speedup: 2.005 / Efficiency: 67% / LogL: -3842
Threads: 4 / Time: 16.250 sec / Speedup: 2.215 / Efficiency: 55% / LogL: -3842
Threads: 5 / Time: 16.314 sec / Speedup: 2.207 / Efficiency: 44% / LogL: -3842
BEST NUMBER OF THREADS: 4

Estimate model parameters (epsilon = 0.100)
1. Initial log-likelihood: -2951.407
2. Current log-likelihood: -2951.099
Optimal log-likelihood: -2951.043
Gamma shape alpha: 1.200
Parameters optimization took 2 rounds (0.007 sec)
Computing ML distances based on estimated model parameters... 0.010 sec
Computing BIONJ tree...
0.006 seconds
Log-likelihood of BIONJ tree: -2951.044
--------------------------------------------------------------------
|             INITIALIZING CANDIDATE TREE SET                      |
--------------------------------------------------------------------
Generating 99 parsimony trees... 0.020 second
Computing log-likelihood of 6 initial trees ... 0.011 seconds
Current best score: -2951.043

Do NNI search on 7 best initial trees
Finish initializing candidate tree set (7)
Current best tree score: -2951.043 / CPU time: 0.077
Number of iterations: 7
--------------------------------------------------------------------
|               OPTIMIZING CANDIDATE TREE SET                      |
--------------------------------------------------------------------
Iteration 10 / LogL: -2951.112 / Time: 0h:1m:49s
UPDATE BEST LOG-LIKELIHOOD: -2951.043
Iteration 20 / LogL: -2951.112 / Time: 0h:1m:49s
Iteration 30 / LogL: -2951.044 / Time: 0h:1m:49s (0h:4m:24s left)
Iteration 40 / LogL: -2951.044 / Time: 0h:1m:49s (0h:2m:48s left)
Iteration 50 / LogL: -2951.043 / Time: 0h:1m:49s (0h:1m:52s left)
Iteration 60 / LogL: -2951.043 / Time: 0h:1m:49s (0h:1m:14s left)
Iteration 70 / LogL: -2951.045 / Time: 0h:1m:49s (0h:0m:47s left)
Iteration 80 / LogL: -2953.101 / Time: 0h:1m:50s (0h:0m:27s left)
Iteration 90 / LogL: -2951.112 / Time: 0h:1m:50s (0h:0m:12s left)
Iteration 100 / LogL: -2985.150 / Time: 0h:1m:50s (0h:0m:0s left)
TREE SEARCH COMPLETED AFTER 101 ITERATIONS / Time: 0h:1m:50s

--------------------------------------------------------------------
|                    FINALIZING TREE SEARCH                        |
--------------------------------------------------------------------
Performs final model parameters optimization
Estimate model parameters (epsilon = 0.010)
1. Initial log-likelihood: -2951.043
Optimal log-likelihood: -2951.042
Gamma shape alpha: 1.210
Parameters optimization took 1 rounds (0.002 sec)
BEST SCORE FOUND : -2951.042
Total tree length: 0.973

Total number of iterations: 101
CPU time used for tree search: 3.654 sec (0h:0m:3s)
Wall-clock time used for tree search: 0.882 sec (0h:0m:0s)
Total CPU time used: 285.407 sec (0h:4m:45s)
Total wall-clock time used: 110.244 sec (0h:1m:50s)

Analysis results written to: 
  IQ-TREE report:                groel.aligned.fasta.iqtree
  Maximum-likelihood tree:       groel.aligned.fasta.treefile
  Likelihood distances:          groel.aligned.fasta.mldist
  Screen log file:               groel.aligned.fasta.log

Date and Time: Mon Nov  2 16:36:11 2020
