IQ-TREE multicore version 1.6.12 for Linux 64-bit built Aug 15 2019
Developed by Bui Quang Minh, Nguyen Lam Tung, Olga Chernomor,
Heiko Schmidt, Dominik Schrempf, Michael Woodhams.

Host:    p09r11n30.grace.hpc.yale.internal (AVX512, FMA3, 187 GB RAM)
Command: iqtree -s lon.aligned.fasta -nt AUTO
Seed:    226271 (Using SPRNG - Scalable Parallel Random Number Generator)
Time:    Mon Nov  2 12:40:36 2020
Kernel:  AVX+FMA - auto-detect threads (36 CPU cores detected)

Reading alignment file lon.aligned.fasta ... Fasta format detected
Alignment most likely contains protein sequences
Alignment has 9 sequences with 797 columns, 484 distinct patterns
122 parsimony-informative, 266 singleton sites, 409 constant sites
                                   Gap/Ambiguity  Composition  p-value
   1  Escherichia_coli_6U5Z_A              1.63%    passed     97.62%
   2  Yersinia_pestis_6V11_A              34.63%    passed     99.79%
   3  Yersinia_pestis_6ON2_A              34.63%    passed     99.75%
   4  Escherichia_coli_6N2I_A             56.84%    passed     93.60%
   5  Bacillus_subtilis_3M6A_A            33.12%    passed     51.69%
   6  Meiothermus_taiwanensis_4YPL_A      33.00%    passed     59.88%
   7  Mycobacterium_tuberculosis_6IHG_A   77.16%    passed     10.64%
   8  Thermus_thermophilus_4EIW_A         92.35%    failed      1.85%
   9  Thermus_thermophilus_1IXS_B         78.54%    passed     11.45%
WARNING: 4 sequences contain more than 50% gaps/ambiguity
****  TOTAL                               49.10%  1 sequences failed composition chi2 test (p-value<5%; df=19)


Create initial parsimony tree by phylogenetic likelihood library (PLL)... 0.000 seconds
NOTE: ModelFinder requires 7 MB RAM!
ModelFinder will test 546 protein models (sample size: 797) ...
 No. Model         -LnL         df  AIC          AICc         BIC
Measuring multi-threading efficiency up to 36 CPU cores
Increase to 10 rounds for branch lengths
3029 trees examined
Threads: 1 / Time: 36.001 sec / Speedup: 1.000 / Efficiency: 100% / LogL: -5561
Threads: 2 / Time: 22.643 sec / Speedup: 1.590 / Efficiency: 79% / LogL: -5561
Threads: 3 / Time: 16.686 sec / Speedup: 2.158 / Efficiency: 72% / LogL: -5561
Threads: 4 / Time: 14.611 sec / Speedup: 2.464 / Efficiency: 62% / LogL: -5561
Threads: 5 / Time: 13.650 sec / Speedup: 2.638 / Efficiency: 53% / LogL: -5561
Threads: 6 / Time: 12.830 sec / Speedup: 2.806 / Efficiency: 47% / LogL: -5561
BEST NUMBER OF THREADS: 5

  1  Dayhoff       5221.634     15  10473.268    10473.882    10543.481
  2  Dayhoff+I     5207.063     16  10446.126    10446.823    10521.019
  3  Dayhoff+G4    5190.784     16  10413.568    10414.266    10488.462
  4  Dayhoff+I+G4  5191.897     17  10417.794    10418.579    10497.368
  5  Dayhoff+R2    5191.294     17  10416.589    10417.374    10496.163
  6  Dayhoff+R3    5190.177     19  10418.353    10419.331    10507.289
 14  Dayhoff+F     5141.980     34  10351.960    10355.084    10511.109
 15  Dayhoff+F+I   5126.068     35  10322.135    10325.447    10485.965
 16  Dayhoff+F+G4  5106.620     35  10283.239    10286.551    10447.069
 17  Dayhoff+F+I+G4 5107.540     36  10287.081    10290.586    10455.592
 18  Dayhoff+F+R2  5106.456     36  10284.911    10288.416    10453.422
 19  Dayhoff+F+R3  5105.587     38  10287.173    10291.084    10465.046
 27  mtMAM         5698.977     15  11427.955    11428.569    11498.168
 28  mtMAM+I       5631.556     16  11295.112    11295.809    11370.005
 29  mtMAM+G4      5545.507     16  11123.014    11123.711    11197.907
 30  mtMAM+I+G4    5546.275     17  11126.549    11127.335    11206.124
 31  mtMAM+R2      5579.597     17  11193.194    11193.979    11272.768
 32  mtMAM+R3      5558.525     19  11155.050    11156.028    11243.986
 33  mtMAM+R4      5549.571     21  11141.142    11142.335    11239.440
 34  mtMAM+R5      5546.874     23  11139.748    11141.177    11247.408
 40  mtMAM+F       5308.966     34  10685.932    10689.055    10845.081
 41  mtMAM+F+I     5260.222     35  10590.445    10593.756    10754.275
 42  mtMAM+F+G4    5191.107     35  10452.214    10455.525    10616.044
 43  mtMAM+F+I+G4  5191.890     36  10455.780    10459.285    10624.290
 44  mtMAM+F+R2    5219.080     36  10510.159    10513.664    10678.670
 45  mtMAM+F+R3    5205.235     38  10486.469    10490.379    10664.342
 46  mtMAM+F+R4    5196.481     40  10472.961    10477.300    10660.195
 47  mtMAM+F+R5    5193.195     42  10470.390    10475.180    10666.985
 53  JTT           5171.001     15  10372.002    10372.617    10442.215
 54  JTT+I         5156.867     16  10345.735    10346.432    10420.628
 55  JTT+G4        5142.808     16  10317.617    10318.314    10392.510
 56  JTT+I+G4      5143.192     17  10320.384    10321.170    10399.959
 57  JTT+R2        5143.634     17  10321.267    10322.053    10400.842
 58  JTT+R3        5143.544     19  10325.087    10326.066    10414.024
 66  JTT+F         5135.888     34  10339.777    10342.900    10498.926
 67  JTT+F+I       5120.732     35  10311.465    10314.776    10475.295
 68  JTT+F+G4      5103.966     35  10277.932    10281.244    10441.762
 69  JTT+F+I+G4    5104.381     36  10280.763    10284.268    10449.274
 70  JTT+F+R2      5104.548     36  10281.095    10284.601    10449.606
 71  JTT+F+R3      5104.374     38  10284.747    10288.657    10462.620
 79  WAG           5126.199     15  10282.398    10283.012    10352.611
 80  WAG+I         5119.295     16  10270.590    10271.287    10345.483
 81  WAG+G4        5112.782     16  10257.565    10258.262    10332.458
 82  WAG+I+G4      5113.068     17  10260.135    10260.921    10339.710
 83  WAG+R2        5112.746     17  10259.493    10260.278    10339.067
 84  WAG+R3        5112.678     19  10263.356    10264.334    10352.292
 92  WAG+F         5083.912     34  10235.825    10238.948    10394.974
 93  WAG+F+I       5076.003     35  10222.006    10225.318    10385.836
 94  WAG+F+G4      5067.825     35  10205.649    10208.961    10369.479
 95  WAG+F+I+G4    5068.124     36  10208.247    10211.752    10376.758
 96  WAG+F+R2      5067.791     36  10207.583    10211.088    10376.093
 97  WAG+F+R3      5067.677     38  10211.355    10215.265    10389.227
105  cpREV         5167.043     15  10364.085    10364.700    10434.298
106  cpREV+I       5155.476     16  10342.951    10343.649    10417.845
107  cpREV+G4      5144.943     16  10321.887    10322.584    10396.781
108  cpREV+I+G4    5145.075     17  10324.150    10324.936    10403.724
109  cpREV+R2      5144.781     17  10323.562    10324.348    10403.137
110  cpREV+R3      5144.487     19  10326.974    10327.952    10415.910
118  cpREV+F       5110.809     34  10289.618    10292.741    10448.767
119  cpREV+F+I     5098.088     35  10266.176    10269.488    10430.006
120  cpREV+F+G4    5084.754     35  10239.507    10242.819    10403.337
121  cpREV+F+I+G4  5084.906     36  10241.811    10245.317    10410.322
122  cpREV+F+R2    5084.681     36  10241.361    10244.867    10409.872
123  cpREV+F+R3    5084.597     38  10245.193    10249.103    10423.066
131  mtREV         5542.278     15  11114.556    11115.170    11184.768
132  mtREV+I       5513.091     16  11058.181    11058.879    11133.075
133  mtREV+G4      5473.842     16  10979.684    10980.381    11054.578
134  mtREV+I+G4    5474.099     17  10982.198    10982.984    11061.772
135  mtREV+R2      5479.960     17  10993.921    10994.706    11073.495
136  mtREV+R3      5479.952     19  10997.904    10998.882    11086.840
144  mtREV+F       5184.082     34  10436.164    10439.287    10595.313
145  mtREV+F+I     5160.408     35  10390.817    10394.128    10554.647
146  mtREV+F+G4    5127.116     35  10324.232    10327.543    10488.062
147  mtREV+F+I+G4  5127.430     36  10326.859    10330.365    10495.370
148  mtREV+F+R2    5130.812     36  10333.623    10337.129    10502.134
149  mtREV+F+R3    5130.705     38  10337.411    10341.321    10515.283
157  rtREV         5141.835     15  10313.670    10314.285    10383.883
158  rtREV+I       5132.899     16  10297.798    10298.495    10372.692
159  rtREV+G4      5119.443     16  10270.886    10271.583    10345.780
160  rtREV+I+G4    5119.790     17  10273.580    10274.366    10353.155
161  rtREV+R2      5118.993     17  10271.986    10272.771    10351.560
162  rtREV+R3      5118.929     19  10275.859    10276.837    10364.795
170  rtREV+F       5087.699     34  10243.398    10246.521    10402.547
171  rtREV+F+I     5077.180     35  10224.361    10227.672    10388.191
172  rtREV+F+G4    5062.383     35  10194.766    10198.077    10358.596
173  rtREV+F+I+G4  5062.638     36  10197.276    10200.781    10365.786
174  rtREV+F+R2    5062.471     36  10196.942    10200.448    10365.453
175  rtREV+F+R3    5062.429     38  10200.858    10204.768    10378.730
183  mtART         5676.656     15  11383.311    11383.926    11453.524
184  mtART+I       5624.476     16  11280.952    11281.650    11355.846
185  mtART+G4      5540.138     16  11112.276    11112.974    11187.170
186  mtART+I+G4    5540.480     17  11114.959    11115.745    11194.534
187  mtART+R2      5579.585     17  11193.169    11193.955    11272.744
188  mtART+R3      5578.805     19  11195.610    11196.588    11284.546
196  mtART+F       5257.565     34  10583.129    10586.253    10742.279
197  mtART+F+I     5216.647     35  10503.295    10506.606    10667.125
198  mtART+F+G4    5144.669     35  10359.338    10362.649    10523.167
199  mtART+F+I+G4  5144.955     36  10361.910    10365.415    10530.421
200  mtART+F+R2    5176.498     36  10424.995    10428.500    10593.506
201  mtART+F+R3    5175.537     38  10427.075    10430.985    10604.947
209  mtZOA         5542.109     15  11114.217    11114.832    11184.430
210  mtZOA+I       5501.605     16  11035.210    11035.907    11110.104
211  mtZOA+G4      5439.930     16  10911.859    10912.557    10986.753
212  mtZOA+I+G4    5440.205     17  10914.410    10915.196    10993.985
213  mtZOA+R2      5454.946     17  10943.892    10944.677    11023.466
214  mtZOA+R3      5454.520     19  10947.040    10948.018    11035.976
222  mtZOA+F       5205.179     34  10478.358    10481.481    10637.507
223  mtZOA+F+I     5172.367     35  10414.733    10418.045    10578.563
224  mtZOA+F+G4    5119.558     35  10309.117    10312.428    10472.947
225  mtZOA+F+I+G4  5119.820     36  10311.640    10315.145    10480.150
226  mtZOA+F+R2    5128.802     36  10329.605    10333.110    10498.116
227  mtZOA+F+R3    5128.793     38  10333.586    10337.496    10511.458
235  VT            5120.866     15  10271.732    10272.346    10341.945
236  VT+I          5115.146     16  10262.292    10262.989    10337.185
237  VT+G4         5110.601     16  10253.202    10253.899    10328.095
238  VT+I+G4       5110.660     17  10255.321    10256.107    10334.895
239  VT+R2         5110.581     17  10255.163    10255.948    10334.737
240  VT+R3         5110.567     19  10259.134    10260.112    10348.071
248  VT+F          5087.514     34  10243.027    10246.151    10402.176
249  VT+F+I        5081.474     35  10232.948    10236.259    10396.777
250  VT+F+G4       5076.194     35  10222.389    10225.700    10386.219
251  VT+F+I+G4     5076.268     36  10224.535    10228.041    10393.046
252  VT+F+R2       5076.145     36  10224.289    10227.795    10392.800
253  VT+F+R3       5076.128     38  10228.256    10232.166    10406.128
261  LG            5110.265     15  10250.530    10251.145    10320.743
262  LG+I          5098.672     16  10229.344    10230.041    10304.237
263  LG+G4         5082.692     16  10197.385    10198.082    10272.278
264  LG+I+G4       5082.850     17  10199.700    10200.485    10279.274
265  LG+R2         5082.609     17  10199.218    10200.004    10278.793
266  LG+R3         5082.505     19  10203.011    10203.989    10291.947
274  LG+F          5087.557     34  10243.114    10246.237    10402.263
275  LG+F+I        5075.539     35  10221.077    10224.389    10384.907
276  LG+F+G4       5058.579     35  10187.158    10190.470    10350.988
277  LG+F+I+G4     5058.728     36  10189.457    10192.962    10357.967
278  LG+F+R2       5058.620     36  10189.241    10192.746    10357.751
279  LG+F+R3       5058.608     38  10193.216    10197.126    10371.088
287  DCMut         5221.444     15  10472.888    10473.503    10543.101
288  DCMut+I       5206.982     16  10445.964    10446.662    10520.858
289  DCMut+G4      5190.940     16  10413.880    10414.578    10488.774
290  DCMut+I+G4    5191.034     17  10416.067    10416.853    10495.642
291  DCMut+R2      5190.716     17  10415.431    10416.217    10495.006
292  DCMut+R3      5190.711     19  10419.423    10420.401    10508.359
300  DCMut+F       5141.708     34  10351.416    10354.540    10510.565
301  DCMut+F+I     5125.918     35  10321.836    10325.148    10485.666
302  DCMut+F+G4    5106.711     35  10283.422    10286.733    10447.252
303  DCMut+F+I+G4  5106.813     36  10285.626    10289.131    10454.137
304  DCMut+F+R2    5106.190     36  10284.379    10287.885    10452.890
305  DCMut+F+R3    5106.173     38  10288.347    10292.257    10466.219
313  PMB           5153.420     15  10336.840    10337.455    10407.053
314  PMB+I         5148.918     16  10329.837    10330.534    10404.731
315  PMB+G4        5146.292     16  10324.584    10325.281    10399.478
316  PMB+I+G4      5146.278     17  10326.557    10327.342    10406.131
317  PMB+R2        5146.401     17  10326.801    10327.587    10406.376
318  PMB+R3        5146.393     19  10330.787    10331.765    10419.723
326  PMB+F         5093.239     34  10254.478    10257.601    10413.627
327  PMB+F+I       5088.016     35  10246.032    10249.344    10409.862
328  PMB+F+G4      5084.388     35  10238.776    10242.087    10402.606
329  PMB+F+I+G4    5084.395     36  10240.790    10244.296    10409.301
330  PMB+F+R2      5084.496     36  10240.992    10244.497    10409.503
331  PMB+F+R3      5084.486     38  10244.972    10248.883    10422.845
339  HIVb          5265.159     15  10560.318    10560.932    10630.530
340  HIVb+I        5232.019     16  10496.038    10496.735    10570.931
341  HIVb+G4       5205.988     16  10443.976    10444.673    10518.870
342  HIVb+I+G4     5205.987     17  10445.975    10446.761    10525.549
343  HIVb+R2       5213.585     17  10461.170    10461.956    10540.744
344  HIVb+R3       5213.399     19  10464.797    10465.776    10553.734
352  HIVb+F        5222.944     34  10513.889    10517.012    10673.038
353  HIVb+F+I      5188.003     35  10446.005    10449.317    10609.835
354  HIVb+F+G4     5155.214     35  10380.427    10383.739    10544.257
355  HIVb+F+I+G4   5155.259     36  10382.518    10386.023    10551.029
356  HIVb+F+R2     5162.233     36  10396.465    10399.971    10564.976
357  HIVb+F+R3     5162.019     38  10400.039    10403.949    10577.911
365  HIVw          5496.707     15  11023.414    11024.029    11093.627
366  HIVw+I        5456.289     16  10944.578    10945.276    11019.472
367  HIVw+G4       5419.215     16  10870.431    10871.128    10945.325
368  HIVw+I+G4     5419.280     17  10872.560    10873.346    10952.134
369  HIVw+R2       5424.619     17  10883.237    10884.023    10962.812
370  HIVw+R3       5424.491     19  10886.981    10887.959    10975.918
378  HIVw+F        5328.844     34  10725.689    10728.812    10884.838
379  HIVw+F+I      5282.519     35  10635.038    10638.349    10798.868
380  HIVw+F+G4     5237.670     35  10545.340    10548.651    10709.170
381  HIVw+F+I+G4   5237.726     36  10547.452    10550.958    10715.963
382  HIVw+F+R2     5247.014     36  10566.028    10569.534    10734.539
383  HIVw+F+R3     5246.753     38  10569.506    10573.416    10747.379
391  JTTDCMut      5170.157     15  10370.313    10370.928    10440.526
392  JTTDCMut+I    5156.413     16  10344.827    10345.524    10419.720
393  JTTDCMut+G4   5142.460     16  10316.920    10317.617    10391.813
394  JTTDCMut+I+G4 5142.534     17  10319.067    10319.853    10398.642
395  JTTDCMut+R2   5142.700     17  10319.401    10320.186    10398.975
396  JTTDCMut+R3   5142.666     19  10323.331    10324.309    10412.268
404  JTTDCMut+F    5133.921     34  10335.841    10338.965    10494.990
405  JTTDCMut+F+I  5119.119     35  10308.238    10311.550    10472.068
406  JTTDCMut+F+G4 5102.424     35  10274.848    10278.160    10438.678
407  JTTDCMut+F+I+G4 5102.511     36  10277.023    10280.528    10445.533
408  JTTDCMut+F+R2 5102.573     36  10277.146    10280.651    10445.657
409  JTTDCMut+F+R3 5102.538     38  10281.076    10284.987    10458.949
417  FLU           5302.822     15  10635.645    10636.260    10705.858
418  FLU+I         5277.799     16  10587.599    10588.296    10662.492
419  FLU+G4        5251.681     16  10535.363    10536.060    10610.256
420  FLU+I+G4      5251.736     17  10537.473    10538.258    10617.047
421  FLU+R2        5253.839     17  10541.677    10542.463    10621.252
422  FLU+R3        5253.809     19  10545.619    10546.597    10634.555
430  FLU+F         5203.780     34  10475.559    10478.682    10634.708
431  FLU+F+I       5175.725     35  10421.450    10424.762    10585.280
432  FLU+F+G4      5143.692     35  10357.384    10360.696    10521.214
433  FLU+F+I+G4    5143.732     36  10359.465    10362.970    10527.976
434  FLU+F+R2      5147.191     36  10366.382    10369.888    10534.893
435  FLU+F+R3      5147.121     38  10370.241    10374.152    10548.114
443  Blosum62      5141.173     15  10312.347    10312.961    10382.560
444  Blosum62+I    5136.905     16  10305.811    10306.508    10380.705
445  Blosum62+G4   5133.533     16  10299.065    10299.763    10373.959
446  Blosum62+I+G4 5133.554     17  10301.109    10301.894    10380.683
447  Blosum62+R2   5133.476     17  10300.952    10301.737    10380.526
448  Blosum62+R3   5133.458     19  10304.916    10305.894    10393.852
456  Blosum62+F    5090.600     34  10249.199    10252.323    10408.349
457  Blosum62+F+I  5085.592     35  10241.184    10244.496    10405.014
458  Blosum62+F+G4 5081.520     35  10233.040    10236.351    10396.870
459  Blosum62+F+I+G4 5081.549     36  10235.098    10238.603    10403.609
460  Blosum62+F+R2 5081.499     36  10234.997    10238.503    10403.508
461  Blosum62+F+R3 5081.487     38  10238.974    10242.885    10416.847
469  mtMet         5632.870     15  11295.741    11296.355    11365.953
470  mtMet+I       5600.643     16  11233.287    11233.984    11308.180
471  mtMet+G4      5551.806     16  11135.612    11136.310    11210.506
472  mtMet+I+G4    5551.931     17  11137.863    11138.649    11217.438
473  mtMet+R2      5562.875     17  11159.750    11160.535    11239.324
474  mtMet+R3      5557.145     19  11152.290    11153.268    11241.226
482  mtMet+F       5209.747     34  10487.495    10490.618    10646.644
483  mtMet+F+I     5180.020     35  10430.041    10433.352    10593.870
484  mtMet+F+G4    5137.704     35  10345.409    10348.720    10509.239
485  mtMet+F+I+G4  5137.806     36  10347.612    10351.117    10516.123
486  mtMet+F+R2    5145.775     36  10363.550    10367.055    10532.060
487  mtMet+F+R3    5143.405     38  10362.810    10366.720    10540.682
495  mtVer         5639.844     15  11309.689    11310.303    11379.901
496  mtVer+I       5594.525     16  11221.050    11221.747    11295.943
497  mtVer+G4      5538.349     16  11108.697    11109.395    11183.591
498  mtVer+I+G4    5538.432     17  11110.865    11111.650    11190.439
499  mtVer+R2      5550.187     17  11134.374    11135.160    11213.949
500  mtVer+R3      5547.348     19  11132.697    11133.675    11221.633
508  mtVer+F       5260.838     34  10589.676    10592.799    10748.825
509  mtVer+F+I     5223.124     35  10516.249    10519.560    10680.079
510  mtVer+F+G4    5174.051     35  10418.102    10421.413    10581.932
511  mtVer+F+I+G4  5174.147     36  10420.294    10423.800    10588.805
512  mtVer+F+R2    5185.453     36  10442.906    10446.411    10611.417
513  mtVer+F+R3    5183.717     38  10443.434    10447.344    10621.306
521  mtInv         5681.873     15  11393.745    11394.360    11463.958
522  mtInv+I       5658.205     16  11348.410    11349.108    11423.304
523  mtInv+G4      5620.386     16  11272.771    11273.469    11347.665
524  mtInv+I+G4    5620.482     17  11274.964    11275.750    11354.538
525  mtInv+R2      5622.700     17  11279.399    11280.185    11358.974
526  mtInv+R3      5622.628     19  11283.256    11284.234    11372.192
534  mtInv+F       5166.243     34  10400.486    10403.609    10559.635
535  mtInv+F+I     5144.348     35  10358.696    10362.007    10522.526
536  mtInv+F+G4    5111.328     35  10292.656    10295.967    10456.485
537  mtInv+F+I+G4  5111.383     36  10294.767    10298.272    10463.278
538  mtInv+F+R2    5113.169     36  10298.338    10301.843    10466.849
539  mtInv+F+R3    5113.072     38  10302.144    10306.055    10480.017
Akaike Information Criterion:           LG+F+G4
Corrected Akaike Information Criterion: LG+F+G4
Bayesian Information Criterion:         LG+G4
Best-fit model: LG+G4 chosen according to BIC

All model information printed to lon.aligned.fasta.model.gz
CPU time for ModelFinder: 364.903 seconds (0h:6m:4s)
Wall-clock time for ModelFinder: 122.348 seconds (0h:2m:2s)

NOTE: 2 MB RAM (0 GB) is required!
Measuring multi-threading efficiency up to 36 CPU cores
Increase to 10 rounds for branch lengths
788 trees examined
Threads: 1 / Time: 36.026 sec / Speedup: 1.000 / Efficiency: 100% / LogL: -5316
Threads: 2 / Time: 20.402 sec / Speedup: 1.766 / Efficiency: 88% / LogL: -5316
Threads: 3 / Time: 14.922 sec / Speedup: 2.414 / Efficiency: 80% / LogL: -5316
Threads: 4 / Time: 12.232 sec / Speedup: 2.945 / Efficiency: 74% / LogL: -5316
Threads: 5 / Time: 10.806 sec / Speedup: 3.334 / Efficiency: 67% / LogL: -5316
Threads: 6 / Time: 10.038 sec / Speedup: 3.589 / Efficiency: 60% / LogL: -5316
Threads: 7 / Time: 9.123 sec / Speedup: 3.949 / Efficiency: 56% / LogL: -5316
Threads: 8 / Time: 8.588 sec / Speedup: 4.195 / Efficiency: 52% / LogL: -5316
Threads: 9 / Time: 14.542 sec / Speedup: 2.477 / Efficiency: 28% / LogL: -5316
BEST NUMBER OF THREADS: 8

Estimate model parameters (epsilon = 0.100)
1. Initial log-likelihood: -5085.847
2. Current log-likelihood: -5083.529
3. Current log-likelihood: -5082.810
4. Current log-likelihood: -5082.705
Optimal log-likelihood: -5082.685
Gamma shape alpha: 1.375
Parameters optimization took 4 rounds (0.044 sec)
Computing ML distances based on estimated model parameters... 0.020 sec
Computing BIONJ tree...
0.004 seconds
Log-likelihood of BIONJ tree: -5082.818
--------------------------------------------------------------------
|             INITIALIZING CANDIDATE TREE SET                      |
--------------------------------------------------------------------
Generating 98 parsimony trees... 0.097 second
Computing log-likelihood of 83 initial trees ... 0.274 seconds
Current best score: -5081.044

Do NNI search on 20 best initial trees
Estimate model parameters (epsilon = 0.100)
BETTER TREE FOUND at iteration 1: -5080.811
Iteration 10 / LogL: -5082.819 / Time: 0h:2m:17s
Iteration 20 / LogL: -5080.858 / Time: 0h:2m:17s
Finish initializing candidate tree set (2)
Current best tree score: -5080.811 / CPU time: 0.664
Number of iterations: 20
--------------------------------------------------------------------
|               OPTIMIZING CANDIDATE TREE SET                      |
--------------------------------------------------------------------
Iteration 30 / LogL: -5083.014 / Time: 0h:2m:17s (0h:5m:36s left)
Iteration 40 / LogL: -5082.954 / Time: 0h:2m:17s (0h:3m:35s left)
Iteration 50 / LogL: -5080.953 / Time: 0h:2m:18s (0h:2m:23s left)
Iteration 60 / LogL: -5081.549 / Time: 0h:2m:18s (0h:1m:36s left)
Iteration 70 / LogL: -5083.212 / Time: 0h:2m:18s (0h:1m:2s left)
Iteration 80 / LogL: -5084.572 / Time: 0h:2m:18s (0h:0m:36s left)
Iteration 90 / LogL: -5082.705 / Time: 0h:2m:18s (0h:0m:17s left)
UPDATE BEST LOG-LIKELIHOOD: -5080.809
Iteration 100 / LogL: -5084.583 / Time: 0h:2m:19s (0h:0m:1s left)
TREE SEARCH COMPLETED AFTER 102 ITERATIONS / Time: 0h:2m:19s

--------------------------------------------------------------------
|                    FINALIZING TREE SEARCH                        |
--------------------------------------------------------------------
Performs final model parameters optimization
Estimate model parameters (epsilon = 0.010)
1. Initial log-likelihood: -5080.809
Optimal log-likelihood: -5080.809
Gamma shape alpha: 1.392
Parameters optimization took 1 rounds (0.003 sec)
BEST SCORE FOUND : -5080.809
Total tree length: 5.897

Total number of iterations: 102
CPU time used for tree search: 19.247 sec (0h:0m:19s)
Wall-clock time used for tree search: 2.419 sec (0h:0m:2s)
Total CPU time used: 526.367 sec (0h:8m:46s)
Total wall-clock time used: 139.170 sec (0h:2m:19s)

Analysis results written to: 
  IQ-TREE report:                lon.aligned.fasta.iqtree
  Maximum-likelihood tree:       lon.aligned.fasta.treefile
  Likelihood distances:          lon.aligned.fasta.mldist
  Screen log file:               lon.aligned.fasta.log

Date and Time: Mon Nov  2 12:44:57 2020
